<?xml version="1.0" encoding="UTF-8"?>
<!-- Generated by org.testng.reporters.JUnitXMLReporter -->
<testsuite ignored="2" hostname="Ragavi" failures="0" tests="0" time="0.014" errors="0" timestamp="2024-02-29T17:40:02 IST">
  <testcase classname="selenium.Tests.ErrorValidations" name="prodErrorValidation" time="0.0">
    <ignored/>
  </testcase> <!-- prodErrorValidation -->
  <testcase classname="selenium.Tests.ErrorValidations" name="loginErrorValidation" time="0.0">
    <ignored/>
  </testcase> <!-- loginErrorValidation -->
</testsuite>
