<?xml version="1.0" encoding="UTF-8"?>
<!-- Generated by org.testng.reporters.JUnitXMLReporter -->
<testsuite ignored="1" hostname="Ragavi" failures="0" tests="2" name="Submit Order Test" time="25.983" errors="0" timestamp="2024-02-29T17:40:28 IST">
  <testcase classname="selenium.Tests.ShoppingTest" name="submitOrder" time="5.251"/>
  <testcase classname="selenium.Tests.ShoppingTest" name="submitOrder" time="4.91"/>
  <testcase classname="selenium.Tests.ShoppingTest" name="orderHistoryTest" time="0.0">
    <ignored/>
  </testcase> <!-- orderHistoryTest -->
</testsuite> <!-- Submit Order Test -->
